# JRE version: Java(TM) SE Runtime Environment (8.0_121-b13) (build 1.8.0_121-b13)
# Java VM: Java HotSpot(TM) 64-Bit Server VM (25.121-b13 mixed mode windows-amd64 compressed oops)
Heap:
 PSYoungGen      total 130560K, used 107459K [0x00000000d5580000, 0x00000000dea00000, 0x0000000100000000)
  eden space 111104K, 85% used [0x00000000d5580000,0x00000000db223968,0x00000000dc200000)
  from space 19456K, 64% used [0x00000000dd700000,0x00000000de34d338,0x00000000dea00000)
  to   space 20480K, 0% used [0x00000000dc200000,0x00000000dc200000,0x00000000dd600000)
 ParOldGen       total 94720K, used 64940K [0x0000000080000000, 0x0000000085c80000, 0x00000000d5580000)
  object space 94720K, 68% used [0x0000000080000000,0x0000000083f6b110,0x0000000085c80000)
 Metaspace       used 52803K, capacity 54432K, committed 54696K, reserved 1095680K
  class space    used 7391K, capacity 7781K, committed 7848K, reserved 1048576K
GC Heap History (10 events):
Event: 87.990 GC heap before
{Heap before GC invocations=27 (full 2):
 PSYoungGen      total 94720K, used 85343K [0x00000000d5580000, 0x00000000dc480000, 0x0000000100000000)
  eden space 80384K, 94% used [0x00000000d5580000,0x00000000d9fc7c70,0x00000000da400000)
  from space 14336K, 64% used [0x00000000db280000,0x00000000dbb90010,0x00000000dc080000)
  to   space 14848K, 0% used [0x00000000da400000,0x00000000da400000,0x00000000db280000)
 ParOldGen       total 51200K, used 37928K [0x0000000080000000, 0x0000000083200000, 0x00000000d5580000)
  object space 51200K, 74% used [0x0000000080000000,0x000000008250a270,0x0000000083200000)
 Metaspace       used 51876K, capacity 53454K, committed 53800K, reserved 1095680K
  class space    used 7244K, capacity 7610K, committed 7720K, reserved 1048576K
Event: 88.006 GC heap after
Heap after GC invocations=27 (full 2):
 PSYoungGen      total 95232K, used 8320K [0x00000000d5580000, 0x00000000dcf00000, 0x0000000100000000)
  eden space 80384K, 0% used [0x00000000d5580000,0x00000000d5580000,0x00000000da400000)
  from space 14848K, 56% used [0x00000000da400000,0x00000000dac20020,0x00000000db280000)
  to   space 14336K, 0% used [0x00000000dc100000,0x00000000dc100000,0x00000000dcf00000)
 ParOldGen       total 51200K, used 43024K [0x0000000080000000, 0x0000000083200000, 0x00000000d5580000)
  object space 51200K, 84% used [0x0000000080000000,0x0000000082a04208,0x0000000083200000)
 Metaspace       used 51876K, capacity 53454K, committed 53800K, reserved 1095680K
  class space    used 7244K, capacity 7610K, committed 7720K, reserved 1048576K
}
Event: 89.075 GC heap before
{Heap before GC invocations=28 (full 2):
 PSYoungGen      total 95232K, used 88029K [0x00000000d5580000, 0x00000000dcf00000, 0x0000000100000000)
  eden space 80384K, 99% used [0x00000000d5580000,0x00000000da3574a0,0x00000000da400000)
  from space 14848K, 56% used [0x00000000da400000,0x00000000dac20020,0x00000000db280000)
  to   space 14336K, 0% used [0x00000000dc100000,0x00000000dc100000,0x00000000dcf00000)
 ParOldGen       total 51200K, used 43024K [0x0000000080000000, 0x0000000083200000, 0x00000000d5580000)
  object space 51200K, 84% used [0x0000000080000000,0x0000000082a04208,0x0000000083200000)
 Metaspace       used 52117K, capacity 53738K, committed 53800K, reserved 1095680K
  class space    used 7286K, capacity 7680K, committed 7720K, reserved 1048576K
Event: 89.085 GC heap after
Heap after GC invocations=28 (full 2):
 PSYoungGen      total 105984K, used 14306K [0x00000000d5580000, 0x00000000dd700000, 0x0000000100000000)
  eden space 91648K, 0% used [0x00000000d5580000,0x00000000d5580000,0x00000000daf00000)
  from space 14336K, 99% used [0x00000000dc100000,0x00000000dcef8ba8,0x00000000dcf00000)
  to   space 18432K, 0% used [0x00000000daf00000,0x00000000daf00000,0x00000000dc100000)
 ParOldGen       total 51200K, used 49221K [0x0000000080000000, 0x0000000083200000, 0x00000000d5580000)
  object space 51200K, 96% used [0x0000000080000000,0x0000000083011658,0x0000000083200000)
 Metaspace       used 52117K, capacity 53738K, committed 53800K, reserved 1095680K
  class space    used 7286K, capacity 7680K, committed 7720K, reserved 1048576K
}
Event: 89.085 GC heap before
{Heap before GC invocations=29 (full 3):
 PSYoungGen      total 105984K, used 14306K [0x00000000d5580000, 0x00000000dd700000, 0x0000000100000000)
  eden space 91648K, 0% used [0x00000000d5580000,0x00000000d5580000,0x00000000daf00000)
  from space 14336K, 99% used [0x00000000dc100000,0x00000000dcef8ba8,0x00000000dcf00000)
  to   space 18432K, 0% used [0x00000000daf00000,0x00000000daf00000,0x00000000dc100000)
 ParOldGen       total 51200K, used 49221K [0x0000000080000000, 0x0000000083200000, 0x00000000d5580000)
  object space 51200K, 96% used [0x0000000080000000,0x0000000083011658,0x0000000083200000)
 Metaspace       used 52117K, capacity 53738K, committed 53800K, reserved 1095680K
  class space    used 7286K, capacity 7680K, committed 7720K, reserved 1048576K
Event: 89.407 GC heap after
Heap after GC invocations=29 (full 3):
 PSYoungGen      total 105984K, used 6107K [0x00000000d5580000, 0x00000000dd700000, 0x0000000100000000)
  eden space 91648K, 0% used [0x00000000d5580000,0x00000000d5580000,0x00000000daf00000)
  from space 14336K, 42% used [0x00000000dc100000,0x00000000dc6f6f18,0x00000000dcf00000)
  to   space 18432K, 0% used [0x00000000daf00000,0x00000000daf00000,0x00000000dc100000)
 ParOldGen       total 94720K, used 47853K [0x0000000080000000, 0x0000000085c80000, 0x00000000d5580000)
  object space 94720K, 50% used [0x0000000080000000,0x0000000082ebb7e0,0x0000000085c80000)
 Metaspace       used 52117K, capacity 53738K, committed 53800K, reserved 1095680K
  class space    used 7286K, capacity 7680K, committed 7720K, reserved 1048576K
}
Event: 89.767 GC heap before
{Heap before GC invocations=30 (full 3):
 PSYoungGen      total 105984K, used 97755K [0x00000000d5580000, 0x00000000dd700000, 0x0000000100000000)
  eden space 91648K, 100% used [0x00000000d5580000,0x00000000daf00000,0x00000000daf00000)
  from space 14336K, 42% used [0x00000000dc100000,0x00000000dc6f6f18,0x00000000dcf00000)
  to   space 18432K, 0% used [0x00000000daf00000,0x00000000daf00000,0x00000000dc100000)
 ParOldGen       total 94720K, used 47853K [0x0000000080000000, 0x0000000085c80000, 0x00000000d5580000)
  object space 94720K, 50% used [0x0000000080000000,0x0000000082ebb7e0,0x0000000085c80000)
 Metaspace       used 52119K, capacity 53738K, committed 53800K, reserved 1095680K
  class space    used 7287K, capacity 7680K, committed 7720K, reserved 1048576K
Event: 89.796 GC heap after
Heap after GC invocations=30 (full 3):
 PSYoungGen      total 110080K, used 16574K [0x00000000d5580000, 0x00000000deb00000, 0x0000000100000000)
  eden space 91648K, 0% used [0x00000000d5580000,0x00000000d5580000,0x00000000daf00000)
  from space 18432K, 89% used [0x00000000daf00000,0x00000000dbf2f8e0,0x00000000dc100000)
  to   space 20480K, 0% used [0x00000000dd700000,0x00000000dd700000,0x00000000deb00000)
 ParOldGen       total 94720K, used 53956K [0x0000000080000000, 0x0000000085c80000, 0x00000000d5580000)
  object space 94720K, 56% used [0x0000000080000000,0x00000000834b1128,0x0000000085c80000)
 Metaspace       used 52119K, capacity 53738K, committed 53800K, reserved 1095680K
  class space    used 7287K, capacity 7680K, committed 7720K, reserved 1048576K
}
Event: 94.189 GC heap before
{Heap before GC invocations=31 (full 3):
 PSYoungGen      total 110080K, used 107292K [0x00000000d5580000, 0x00000000deb00000, 0x0000000100000000)
  eden space 91648K, 98% used [0x00000000d5580000,0x00000000dae17a08,0x00000000daf00000)
  from space 18432K, 89% used [0x00000000daf00000,0x00000000dbf2f8e0,0x00000000dc100000)
  to   space 20480K, 0% used [0x00000000dd700000,0x00000000dd700000,0x00000000deb00000)
 ParOldGen       total 94720K, used 53956K [0x0000000080000000, 0x0000000085c80000, 0x00000000d5580000)
  object space 94720K, 56% used [0x0000000080000000,0x00000000834b1128,0x0000000085c80000)
 Metaspace       used 52123K, capacity 53738K, committed 53800K, reserved 1095680K
  class space    used 7287K, capacity 7680K, committed 7720K, reserved 1048576K
Event: 94.210 GC heap after
Heap after GC invocations=31 (full 3):
 PSYoungGen      total 130560K, used 12596K [0x00000000d5580000, 0x00000000dea00000, 0x0000000100000000)
  eden space 111104K, 0% used [0x00000000d5580000,0x00000000d5580000,0x00000000dc200000)
  from space 19456K, 64% used [0x00000000dd700000,0x00000000de34d338,0x00000000dea00000)
  to   space 20480K, 0% used [0x00000000dc200000,0x00000000dc200000,0x00000000dd600000)
 ParOldGen       total 94720K, used 64940K [0x0000000080000000, 0x0000000085c80000, 0x00000000d5580000)
  object space 94720K, 68% used [0x0000000080000000,0x0000000083f6b110,0x0000000085c80000)
 Metaspace       used 52123K, capacity 53738K, committed 53800K, reserved 1095680K
  class space    used 7287K, capacity 7680K, committed 7720K, reserved 1048576K
}

